<?xml version="1.0" encoding="UTF-8"?>
<coverage generated="1676819927017" clover="3.2.0">
  <project timestamp="1676819927017" name="All files">
    <metrics statements="15" coveredstatements="15" conditionals="8" coveredconditionals="8" methods="1" coveredmethods="1" elements="24" coveredelements="24" complexity="0" loc="15" ncloc="15" packages="1" files="1" classes="1"/>
    <file name="coinChange.js" path="/home/bluetel/Documents/Personal/typescriptMock/coinChange.js">
      <metrics statements="15" coveredstatements="15" conditionals="8" coveredconditionals="8" methods="1" coveredmethods="1"/>
      <line num="3" count="1" type="stmt"/>
      <line num="5" count="5" type="cond" truecount="4" falsecount="0"/>
      <line num="7" count="3" type="stmt"/>
      <line num="9" count="3" type="stmt"/>
      <line num="12" count="3" type="stmt"/>
      <line num="14" count="24" type="stmt"/>
      <line num="16" count="24" type="stmt"/>
      <line num="18" count="24" type="stmt"/>
      <line num="20" count="24" type="cond" truecount="2" falsecount="0"/>
      <line num="27" count="3" type="stmt"/>
      <line num="30" count="2" type="stmt"/>
      <line num="36" count="1" type="stmt"/>
      <line num="47" count="1" type="stmt"/>
      <line num="49" count="1" type="stmt"/>
      <line num="51" count="1" type="stmt"/>
    </file>
  </project>
</coverage>
