{"/home/bluetel/Documents/Personal/typescriptMock/coinChange.js": {"path":"/home/bluetel/Documents/Personal/typescriptMock/coinChange.js","statementMap":{"0":{"start":{"line":3,"column":19},"end":{"line":32,"column":1}},"1":{"start":{"line":5,"column":2},"end":{"line":31,"column":3}},"2":{"start":{"line":7,"column":22},"end":{"line":7,"column":27}},"3":{"start":{"line":9,"column":26},"end":{"line":9,"column":42}},"4":{"start":{"line":12,"column":4},"end":{"line":25,"column":5}},"5":{"start":{"line":12,"column":17},"end":{"line":12,"column":18}},"6":{"start":{"line":14,"column":34},"end":{"line":14,"column":75}},"7":{"start":{"line":16,"column":6},"end":{"line":16,"column":46}},"8":{"start":{"line":18,"column":6},"end":{"line":18,"column":61}},"9":{"start":{"line":20,"column":6},"end":{"line":24,"column":53}},"10":{"start":{"line":27,"column":4},"end":{"line":27,"column":56}},"11":{"start":{"line":30,"column":4},"end":{"line":30,"column":32}},"12":{"start":{"line":36,"column":12},"end":{"line":45,"column":1}},"13":{"start":{"line":47,"column":18},"end":{"line":47,"column":21}},"14":{"start":{"line":49,"column":0},"end":{"line":49,"column":31}},"15":{"start":{"line":51,"column":0},"end":{"line":51,"column":28}}},"fnMap":{"0":{"name":"(anonymous_0)","decl":{"start":{"line":3,"column":19},"end":{"line":3,"column":20}},"loc":{"start":{"line":3,"column":49},"end":{"line":32,"column":1}},"line":3}},"branchMap":{"0":{"loc":{"start":{"line":5,"column":2},"end":{"line":31,"column":3}},"type":"if","locations":[{"start":{"line":5,"column":2},"end":{"line":31,"column":3}},{"start":{"line":28,"column":9},"end":{"line":31,"column":3}}],"line":5},"1":{"loc":{"start":{"line":5,"column":6},"end":{"line":5,"column":58}},"type":"binary-expr","locations":[{"start":{"line":5,"column":6},"end":{"line":5,"column":33}},{"start":{"line":5,"column":37},"end":{"line":5,"column":58}}],"line":5},"2":{"loc":{"start":{"line":20,"column":6},"end":{"line":24,"column":52}},"type":"cond-expr","locations":[{"start":{"line":21,"column":10},"end":{"line":21,"column":35}},{"start":{"line":22,"column":10},"end":{"line":24,"column":52}}],"line":20},"3":{"loc":{"start":{"line":22,"column":10},"end":{"line":24,"column":52}},"type":"cond-expr","locations":[{"start":{"line":23,"column":11},"end":{"line":23,"column":70}},{"start":{"line":24,"column":11},"end":{"line":24,"column":51}}],"line":22}},"s":{"0":1,"1":5,"2":3,"3":3,"4":3,"5":3,"6":24,"7":24,"8":24,"9":24,"10":3,"11":2,"12":1,"13":1,"14":1,"15":1},"f":{"0":5},"b":{"0":[3,2],"1":[5,4],"2":[21,3],"3":[2,1]},"_coverageSchema":"1a1c01bbd47fc00a2c39e90264f33305004495a9","hash":"52c5d2cb2e6940b756b33a39d002420e4572ff8c"}
}
